<?xml version="1.0" encoding="UTF-8"?>
<!-- Generated by org.testng.reporters.JUnitReportReporter -->
<testsuite hostname="LAPTOP-T69AHU1A" failures="0" tests="1" name="automate.quickstart.SignUp" time="85.621" errors="0" timestamp="2023-03-20T11:45:06 IST" skipped="0">
  <testcase classname="automate.quickstart.SignUp" name="Registration" time="85.621"/>
  <system-out/>
</testsuite> <!-- automate.quickstart.SignUp -->
