<?xml version="1.0" encoding="UTF-8"?>
<!-- Generated by org.testng.reporters.JUnitReportReporter -->
<testsuite hostname="LAPTOP-T69AHU1A" failures="0" tests="1" name="automate.quickstart.EditProfile" time="75.318" errors="0" timestamp="2023-04-20T16:43:26 IST" skipped="0">
  <testcase classname="automate.quickstart.EditProfile" name="editProfile" time="75.318"/>
  <system-out/>
</testsuite> <!-- automate.quickstart.EditProfile -->
