<?xml version="1.0" encoding="UTF-8"?>
<!-- Generated by org.testng.reporters.JUnitReportReporter -->
<testsuite hostname="LAPTOP-T69AHU1A" failures="0" tests="5" name="automate.quickstart.Login" time="123.529" errors="0" timestamp="2023-05-15T05:23:18 IST" skipped="0">
  <testcase classname="automate.quickstart.Login" name="MobileFieldIsEnabled" time="15.102"/>
  <system-out/>
  <testcase classname="automate.quickstart.Login" name="LoginLessThanTen" time="13.102"/>
  <system-out>
    <![CDATA[Send OTP button is not enabled as the number is less than 10 digit

Toaster message :- Oops! Please enter a valid 10 digit mobile number]]>
  </system-out>
  <testcase classname="automate.quickstart.Login" name="LoginNegativeTestCaseZeroInput" time="16.194"/>
  <system-out>
    <![CDATA[
Send OTP button is not enabled as the number is not valid

Toaster message :- Oops! Please enter a valid 10 digit mobile number]]>
  </system-out>
  <testcase classname="automate.quickstart.Login" name="LoginTermandConditionNegativeTestCase" time="21.128"/>
  <system-out>
    <![CDATA[
Send OTP button is not enabled as User has not accept term and conditions

Toaster message :- Please accept Terms & Conditions]]>
  </system-out>
  <testcase classname="automate.quickstart.Login" name="LoginPositveTestCase" time="58.003"/>
  <system-out/>
</testsuite> <!-- automate.quickstart.Login -->
