<?xml version="1.0" encoding="UTF-8"?>
<!-- Generated by org.testng.reporters.JUnitReportReporter -->
<testsuite hostname="LAPTOP-T69AHU1A" failures="0" tests="1" name="automate.quickstart.PANVERIFICATION" time="53.082" errors="0" timestamp="2023-03-15T13:08:07 IST" skipped="0">
  <testcase classname="automate.quickstart.PANVERIFICATION" name="PAN" time="53.082"/>
  <system-out/>
</testsuite> <!-- automate.quickstart.PANVERIFICATION -->
