<?xml version="1.0" encoding="UTF-8"?>
<!-- Generated by org.testng.reporters.JUnitReportReporter -->
<testsuite hostname="LAPTOP-T69AHU1A" failures="0" tests="2" name="automate.quickstart.Logout" time="120.449" errors="0" timestamp="2023-05-15T05:39:02 IST" skipped="0">
  <testcase classname="automate.quickstart.Logout" name="Logoutnegative" time="70.371"/>
  <system-out/>
  <testcase classname="automate.quickstart.Logout" name="Logoutpositive" time="50.078"/>
  <system-out/>
</testsuite> <!-- automate.quickstart.Logout -->
